[21 October 2025 at 11:10 am] [info] instantiating backup controller 972c82b633b091df05ff3d6f558057c0
[21 October 2025 at 11:10 am] [debug] setting controller status to 100
[21 October 2025 at 11:10 am] [debug] loading controller plan
[21 October 2025 at 11:10 am] [debug] setting controller status to 300
[21 October 2025 at 11:10 am] [debug] applying plan defaults
[21 October 2025 at 11:10 am] [debug] setting controller status to 400
[21 October 2025 at 11:10 am] [debug] setting file inclusion to 
[21 October 2025 at 11:10 am] [info] checking plan security
[21 October 2025 at 11:10 am] [debug] setting controller status to 500
[21 October 2025 at 11:10 am] [info] checking plan security
[21 October 2025 at 11:10 am] [info] checking plan security
[21 October 2025 at 11:10 am] [info] checking plan security
[21 October 2025 at 11:10 am] [debug] saving controller to db
[21 October 2025 at 11:10 am] [debug] calculating controller checksum 3e642b90f562ebacb2e7893e381369db
[21 October 2025 at 11:10 am] [debug] loading controller from db
[21 October 2025 at 11:10 am] [info] checking plan security
[21 October 2025 at 11:10 am] [info] checking plan security
[21 October 2025 at 11:10 am] [debug] setting controller status to 700
[21 October 2025 at 11:10 am] [debug] saving controller to db
[21 October 2025 at 11:10 am] [debug] calculating controller checksum 196de7db51eb3b8a5e06c3140c4796da
[21 October 2025 at 11:10 am] [debug] loading controller from db
[21 October 2025 at 11:10 am] [debug] setting file inclusion to 1
[21 October 2025 at 11:10 am] [debug] setting controller status to 800
[21 October 2025 at 11:10 am] [debug] saving controller to db
[21 October 2025 at 11:10 am] [debug] calculating controller checksum a5c77e6f61d918bbad7733e1883a652f
[21 October 2025 at 11:10 am] [debug] loading controller from db
